[debug] [2021-04-07T12:18:04.980Z] ----------------------------------------------------------------------
[debug] [2021-04-07T12:18:04.982Z] Command:       C:\Program Files\nodejs\node.exe C:\Users\wespe\AppData\Roaming\npm\node_modules\firebase-tools\lib\bin\firebase.js emulators:start
[debug] [2021-04-07T12:18:04.982Z] CLI Version:   9.1.2
[debug] [2021-04-07T12:18:04.982Z] Platform:      win32
[debug] [2021-04-07T12:18:04.982Z] Node Version:  v12.13.1
[debug] [2021-04-07T12:18:04.983Z] Time:          Wed Apr 07 2021 06:18:04 GMT-0600 (Mountain Daylight Time)
[debug] [2021-04-07T12:18:04.983Z] ----------------------------------------------------------------------
[debug] [2021-04-07T12:18:04.983Z] 
[debug] [2021-04-07T12:18:04.989Z] > command requires scopes: ["email","openid","https://www.googleapis.com/auth/cloudplatformprojects.readonly","https://www.googleapis.com/auth/firebase","https://www.googleapis.com/auth/cloud-platform"]
[debug] [2021-04-07T12:18:04.990Z] > authorizing via signed-in user
[info] i  emulators: Starting emulators: functions, firestore, hosting {"metadata":{"emulator":{"name":"hub"},"message":"Starting emulators: functions, firestore, hosting"}}
[debug] [2021-04-07T12:18:07.005Z] [hub] writing locator at C:\Users\wespe\AppData\Local\Temp\hub-streamer-list.json
[warn] !  functions: The following emulators are not running, calls to these services from the Functions emulator will affect production: auth, database, pubsub {"metadata":{"emulator":{"name":"functions"},"message":"The following emulators are not running, calls to these services from the Functions emulator will affect production: \u001b[1mauth, database, pubsub\u001b[22m"}}
[info] +  functions: Using node@12 from host. {"metadata":{"emulator":{"name":"functions"},"message":"Using node@12 from host."}}
[debug] [2021-04-07T12:18:09.027Z] defaultcredentials: writing to file C:\Users\wespe\AppData\Roaming\firebase\wespearce1_gmail_com_application_default_credentials.json
[debug] [2021-04-07T12:18:09.029Z] Setting GAC to C:\Users\wespe\AppData\Roaming\firebase\wespearce1_gmail_com_application_default_credentials.json {"metadata":{"emulator":{"name":"functions"},"message":"Setting GAC to C:\\Users\\wespe\\AppData\\Roaming\\firebase\\wespearce1_gmail_com_application_default_credentials.json"}}
[debug] [2021-04-07T12:18:09.030Z] >>> [apiv2][query] GET https://firebase.googleapis.com/v1beta1/projects/streamer-list/adminSdkConfig [none]
[debug] [2021-04-07T12:18:09.683Z] <<< [apiv2][status] GET https://firebase.googleapis.com/v1beta1/projects/streamer-list/adminSdkConfig 200
[debug] [2021-04-07T12:18:09.684Z] <<< [apiv2][body] GET https://firebase.googleapis.com/v1beta1/projects/streamer-list/adminSdkConfig {"projectId":"streamer-list","storageBucket":"streamer-list.appspot.com","locationId":"us-east1"}
[debug] [2021-04-07T12:18:11.700Z] Ignoring unsupported arg: projectId {"metadata":{"emulator":{"name":"firestore"},"message":"Ignoring unsupported arg: projectId"}}
[debug] [2021-04-07T12:18:11.701Z] Ignoring unsupported arg: auto_download {"metadata":{"emulator":{"name":"firestore"},"message":"Ignoring unsupported arg: auto_download"}}
[debug] [2021-04-07T12:18:11.701Z] Starting Firestore Emulator with command {"binary":"java","args":["-Dgoogle.cloud_firestore.debug_log_level=FINE","-Duser.language=en","-jar","C:\\Users\\wespe\\.cache\\firebase\\emulators\\cloud-firestore-emulator-v1.11.11.jar","--host","localhost","--port",8080,"--rules","C:\\Users\\wespe\\development\\streamer_list\\firestore.rules","--functions_emulator","localhost:5001"],"optionalArgs":["port","webchannel_port","host","rules","functions_emulator","seed_from_export"],"joinArgs":false} {"metadata":{"emulator":{"name":"firestore"},"message":"Starting Firestore Emulator with command {\"binary\":\"java\",\"args\":[\"-Dgoogle.cloud_firestore.debug_log_level=FINE\",\"-Duser.language=en\",\"-jar\",\"C:\\\\Users\\\\wespe\\\\.cache\\\\firebase\\\\emulators\\\\cloud-firestore-emulator-v1.11.11.jar\",\"--host\",\"localhost\",\"--port\",8080,\"--rules\",\"C:\\\\Users\\\\wespe\\\\development\\\\streamer_list\\\\firestore.rules\",\"--functions_emulator\",\"localhost:5001\"],\"optionalArgs\":[\"port\",\"webchannel_port\",\"host\",\"rules\",\"functions_emulator\",\"seed_from_export\"],\"joinArgs\":false}"}}
[info] i  firestore: Firestore Emulator logging to firestore-debug.log {"metadata":{"emulator":{"name":"firestore"},"message":"Firestore Emulator logging to \u001b[1mfirestore-debug.log\u001b[22m"}}
[debug] [2021-04-07T12:18:12.619Z] API endpoint: http://localhost:8080 {"metadata":{"emulator":{"name":"firestore"},"message":"API endpoint: http://localhost:8080"}}
[debug] [2021-04-07T12:18:12.619Z] 
If you are using a library that supports the FIRESTORE_EMULATOR_HOST environment variable, run:

   export FIRESTORE_EMULATOR_HOST=localhost:8080

Dev App Server is now running.

 {"metadata":{"emulator":{"name":"firestore"},"message":"\nIf you are using a library that supports the FIRESTORE_EMULATOR_HOST environment variable, run:\r\n\n   export FIRESTORE_EMULATOR_HOST=localhost:8080\n\nDev App Server is now running.\n\r\n"}}
[debug] [2021-04-07T12:18:14.727Z] > refreshing access token with scopes: ["email","https://www.googleapis.com/auth/cloud-platform","https://www.googleapis.com/auth/cloudplatformprojects.readonly","https://www.googleapis.com/auth/firebase","openid"]
[debug] [2021-04-07T12:18:14.727Z] >>> HTTP REQUEST POST https://www.googleapis.com/oauth2/v3/token  
 <request body omitted>
[debug] [2021-04-07T12:18:15.374Z] <<< HTTP RESPONSE 200 {"pragma":"no-cache","cache-control":"no-cache, no-store, max-age=0, must-revalidate","date":"Wed, 07 Apr 2021 12:18:15 GMT","expires":"Mon, 01 Jan 1990 00:00:00 GMT","content-type":"application/json; charset=utf-8","vary":"X-Origin, Referer, Origin,Accept-Encoding","server":"scaffolding on HTTPServer2","x-xss-protection":"0","x-frame-options":"SAMEORIGIN","x-content-type-options":"nosniff","alt-svc":"h3-29=\":443\"; ma=2592000,h3-T051=\":443\"; ma=2592000,h3-Q050=\":443\"; ma=2592000,h3-Q046=\":443\"; ma=2592000,h3-Q043=\":443\"; ma=2592000,quic=\":443\"; ma=2592000; v=\"46,43\"","accept-ranges":"none","transfer-encoding":"chunked"}
[debug] [2021-04-07T12:18:15.435Z] >>> HTTP REQUEST GET https://firebase.googleapis.com/v1beta1/projects/streamer-list/webApps/-/config  
 
[debug] [2021-04-07T12:18:16.100Z] <<< HTTP RESPONSE 200 {"content-type":"application/json; charset=UTF-8","vary":"X-Origin, Referer, Origin,Accept-Encoding","date":"Wed, 07 Apr 2021 12:18:15 GMT","server":"ESF","cache-control":"private","x-xss-protection":"0","x-frame-options":"SAMEORIGIN","x-content-type-options":"nosniff","alt-svc":"h3-29=\":443\"; ma=2592000,h3-T051=\":443\"; ma=2592000,h3-Q050=\":443\"; ma=2592000,h3-Q046=\":443\"; ma=2592000,h3-Q043=\":443\"; ma=2592000,quic=\":443\"; ma=2592000; v=\"46,43\"","accept-ranges":"none","transfer-encoding":"chunked"}
[info] i  hosting: Serving hosting files from: public {"metadata":{"emulator":{"name":"hosting"},"message":"Serving hosting files from: \u001b[1mpublic\u001b[22m"}}
[info] +  hosting: Local server: http://localhost:5000 {"metadata":{"emulator":{"name":"hosting"},"message":"Local server: \u001b[4m\u001b[1mhttp://localhost:5000\u001b[22m\u001b[24m"}}
[debug] [2021-04-07T12:18:20.129Z] Ignoring unsupported arg: auto_download {"metadata":{"emulator":{"name":"ui"},"message":"Ignoring unsupported arg: auto_download"}}
[debug] [2021-04-07T12:18:20.130Z] Ignoring unsupported arg: port {"metadata":{"emulator":{"name":"ui"},"message":"Ignoring unsupported arg: port"}}
[debug] [2021-04-07T12:18:20.130Z] Starting Emulator UI with command {"binary":"node","args":["C:\\Users\\wespe\\.cache\\firebase\\emulators\\ui-v1.4.1\\server.bundle.js"],"optionalArgs":[],"joinArgs":false} {"metadata":{"emulator":{"name":"ui"},"message":"Starting Emulator UI with command {\"binary\":\"node\",\"args\":[\"C:\\\\Users\\\\wespe\\\\.cache\\\\firebase\\\\emulators\\\\ui-v1.4.1\\\\server.bundle.js\"],\"optionalArgs\":[],\"joinArgs\":false}"}}
[info] i  ui: Emulator UI logging to ui-debug.log {"metadata":{"emulator":{"name":"ui"},"message":"Emulator UI logging to \u001b[1mui-debug.log\u001b[22m"}}
[debug] [2021-04-07T12:18:20.232Z] Web / API server started at http://localhost:4000
 {"metadata":{"emulator":{"name":"ui"},"message":"Web / API server started at http://localhost:4000\n"}}
[info] i  functions: Watching "C:\Users\wespe\development\streamer_list\functions" for Cloud Functions... {"metadata":{"emulator":{"name":"functions"},"message":"Watching \"C:\\Users\\wespe\\development\\streamer_list\\functions\" for Cloud Functions..."}}
[debug] [2021-04-07T12:18:20.654Z] [worker-pool] addWorker(~diagnostic~) {"metadata":{"emulator":{"name":"functions"},"message":"[worker-pool] addWorker(~diagnostic~)"}}
[debug] [2021-04-07T12:18:20.654Z] [worker-pool] Adding worker with key ~diagnostic~, total=1 {"metadata":{"emulator":{"name":"functions"},"message":"[worker-pool] Adding worker with key ~diagnostic~, total=1"}}
[debug] [2021-04-07T12:18:20.654Z] [worker-pool] submitWork(triggerId=) {"metadata":{"emulator":{"name":"functions"},"message":"[worker-pool] submitWork(triggerId=)"}}
[debug] [2021-04-07T12:18:20.655Z] [worker-~diagnostic~-14a7c72f-89cc-4e11-92e6-2a44801e4430]: Assigning socketPath: \\?\pipe\C:\Users\wespe\development\streamer_list\functions\9832 {"metadata":{"emulator":{"name":"functions"},"message":"[worker-~diagnostic~-14a7c72f-89cc-4e11-92e6-2a44801e4430]: Assigning socketPath: \\\\?\\pipe\\C:\\Users\\wespe\\development\\streamer_list\\functions\\9832"}}
[debug] [2021-04-07T12:18:20.655Z] [worker-~diagnostic~-14a7c72f-89cc-4e11-92e6-2a44801e4430]: BUSY {"metadata":{"emulator":{"name":"functions"},"message":"[worker-~diagnostic~-14a7c72f-89cc-4e11-92e6-2a44801e4430]: BUSY"}}
[debug] [2021-04-07T12:18:20.808Z] [runtime-status] [9832] Functions runtime initialized. {"cwd":"C:\\Users\\wespe\\development\\streamer_list\\functions","node_version":"12.13.1"} {"metadata":{"emulator":{"name":"functions"},"message":"[runtime-status] [9832] Functions runtime initialized. {\"cwd\":\"C:\\\\Users\\\\wespe\\\\development\\\\streamer_list\\\\functions\",\"node_version\":\"12.13.1\"}"}}
[debug] [2021-04-07T12:18:20.808Z] [runtime-status] [9832] Disabled runtime features: undefined {"metadata":{"emulator":{"name":"functions"},"message":"[runtime-status] [9832] Disabled runtime features: undefined"}}
[debug] [2021-04-07T12:18:20.811Z] [runtime-status] [9832] Resolved module firebase-admin {"declared":true,"installed":true,"version":"9.6.0","resolution":"C:\\Users\\wespe\\development\\streamer_list\\node_modules\\firebase-admin\\lib\\index.js"} {"metadata":{"emulator":{"name":"functions"},"message":"[runtime-status] [9832] Resolved module firebase-admin {\"declared\":true,\"installed\":true,\"version\":\"9.6.0\",\"resolution\":\"C:\\\\Users\\\\wespe\\\\development\\\\streamer_list\\\\node_modules\\\\firebase-admin\\\\lib\\\\index.js\"}"}}
[debug] [2021-04-07T12:18:20.812Z] [runtime-status] [9832] Resolved module firebase-functions {"declared":true,"installed":true,"version":"3.13.2","resolution":"C:\\Users\\wespe\\development\\streamer_list\\node_modules\\firebase-functions\\lib\\index.js"} {"metadata":{"emulator":{"name":"functions"},"message":"[runtime-status] [9832] Resolved module firebase-functions {\"declared\":true,\"installed\":true,\"version\":\"3.13.2\",\"resolution\":\"C:\\\\Users\\\\wespe\\\\development\\\\streamer_list\\\\node_modules\\\\firebase-functions\\\\lib\\\\index.js\"}"}}
[debug] [2021-04-07T12:18:20.813Z] [runtime-status] [9832] Resolved module firebase-functions {"declared":true,"installed":true,"version":"3.13.2","resolution":"C:\\Users\\wespe\\development\\streamer_list\\node_modules\\firebase-functions\\lib\\index.js"} {"metadata":{"emulator":{"name":"functions"},"message":"[runtime-status] [9832] Resolved module firebase-functions {\"declared\":true,\"installed\":true,\"version\":\"3.13.2\",\"resolution\":\"C:\\\\Users\\\\wespe\\\\development\\\\streamer_list\\\\node_modules\\\\firebase-functions\\\\lib\\\\index.js\"}"}}
[debug] [2021-04-07T12:18:20.814Z] [runtime-status] [9832] Outgoing network have been stubbed. [{"name":"http","status":"mocked"},{"name":"http","status":"mocked"},{"name":"https","status":"mocked"},{"name":"https","status":"mocked"},{"name":"net","status":"mocked"}] {"metadata":{"emulator":{"name":"functions"},"message":"[runtime-status] [9832] Outgoing network have been stubbed. [{\"name\":\"http\",\"status\":\"mocked\"},{\"name\":\"http\",\"status\":\"mocked\"},{\"name\":\"https\",\"status\":\"mocked\"},{\"name\":\"https\",\"status\":\"mocked\"},{\"name\":\"net\",\"status\":\"mocked\"}]"}}
[debug] [2021-04-07T12:18:20.814Z] [runtime-status] [9832] Resolved module firebase-functions {"declared":true,"installed":true,"version":"3.13.2","resolution":"C:\\Users\\wespe\\development\\streamer_list\\node_modules\\firebase-functions\\lib\\index.js"} {"metadata":{"emulator":{"name":"functions"},"message":"[runtime-status] [9832] Resolved module firebase-functions {\"declared\":true,\"installed\":true,\"version\":\"3.13.2\",\"resolution\":\"C:\\\\Users\\\\wespe\\\\development\\\\streamer_list\\\\node_modules\\\\firebase-functions\\\\lib\\\\index.js\"}"}}
[debug] [2021-04-07T12:18:20.850Z] [runtime-status] [9832] Checked functions.config() {"config":{}} {"metadata":{"emulator":{"name":"functions"},"message":"[runtime-status] [9832] Checked functions.config() {\"config\":{}}"}}
[debug] [2021-04-07T12:18:20.850Z] [runtime-status] [9832] firebase-functions has been stubbed. {"functionsResolution":{"declared":true,"installed":true,"version":"3.13.2","resolution":"C:\\Users\\wespe\\development\\streamer_list\\node_modules\\firebase-functions\\lib\\index.js"}} {"metadata":{"emulator":{"name":"functions"},"message":"[runtime-status] [9832] firebase-functions has been stubbed. {\"functionsResolution\":{\"declared\":true,\"installed\":true,\"version\":\"3.13.2\",\"resolution\":\"C:\\\\Users\\\\wespe\\\\development\\\\streamer_list\\\\node_modules\\\\firebase-functions\\\\lib\\\\index.js\"}}"}}
[debug] [2021-04-07T12:18:20.850Z] [runtime-status] [9832] Resolved module firebase-functions {"declared":true,"installed":true,"version":"3.13.2","resolution":"C:\\Users\\wespe\\development\\streamer_list\\node_modules\\firebase-functions\\lib\\index.js"} {"metadata":{"emulator":{"name":"functions"},"message":"[runtime-status] [9832] Resolved module firebase-functions {\"declared\":true,\"installed\":true,\"version\":\"3.13.2\",\"resolution\":\"C:\\\\Users\\\\wespe\\\\development\\\\streamer_list\\\\node_modules\\\\firebase-functions\\\\lib\\\\index.js\"}"}}
[debug] [2021-04-07T12:18:20.851Z] [runtime-status] [9832] Resolved module firebase-admin {"declared":true,"installed":true,"version":"9.6.0","resolution":"C:\\Users\\wespe\\development\\streamer_list\\node_modules\\firebase-admin\\lib\\index.js"} {"metadata":{"emulator":{"name":"functions"},"message":"[runtime-status] [9832] Resolved module firebase-admin {\"declared\":true,\"installed\":true,\"version\":\"9.6.0\",\"resolution\":\"C:\\\\Users\\\\wespe\\\\development\\\\streamer_list\\\\node_modules\\\\firebase-admin\\\\lib\\\\index.js\"}"}}
[debug] [2021-04-07T12:18:20.852Z] [runtime-status] [9832] Resolved module firebase-functions {"declared":true,"installed":true,"version":"3.13.2","resolution":"C:\\Users\\wespe\\development\\streamer_list\\node_modules\\firebase-functions\\lib\\index.js"} {"metadata":{"emulator":{"name":"functions"},"message":"[runtime-status] [9832] Resolved module firebase-functions {\"declared\":true,\"installed\":true,\"version\":\"3.13.2\",\"resolution\":\"C:\\\\Users\\\\wespe\\\\development\\\\streamer_list\\\\node_modules\\\\firebase-functions\\\\lib\\\\index.js\"}"}}
[debug] [2021-04-07T12:18:20.852Z] [runtime-status] [9832] firebase-admin has been stubbed. {"adminResolution":{"declared":true,"installed":true,"version":"9.6.0","resolution":"C:\\Users\\wespe\\development\\streamer_list\\node_modules\\firebase-admin\\lib\\index.js"}} {"metadata":{"emulator":{"name":"functions"},"message":"[runtime-status] [9832] firebase-admin has been stubbed. {\"adminResolution\":{\"declared\":true,\"installed\":true,\"version\":\"9.6.0\",\"resolution\":\"C:\\\\Users\\\\wespe\\\\development\\\\streamer_list\\\\node_modules\\\\firebase-admin\\\\lib\\\\index.js\"}}"}}
[info] +  functions[helloWorld]: http function initialized (http://localhost:5001/streamer-list/us-central1/helloWorld). {"metadata":{"emulator":{"name":"functions"},"message":"\u001b[1mhttp\u001b[22m function initialized (http://localhost:5001/streamer-list/us-central1/helloWorld)."}}
[info] 
┌─────────────────────────────────────────────────────────────┐
│ ✔  All emulators ready! It is now safe to connect your app. │
│ i  View Emulator UI at http://localhost:4000                │
└─────────────────────────────────────────────────────────────┘

┌───────────┬────────────────┬─────────────────────────────────┐
│ Emulator  │ Host:Port      │ View in Emulator UI             │
├───────────┼────────────────┼─────────────────────────────────┤
│ Functions │ localhost:5001 │ http://localhost:4000/functions │
├───────────┼────────────────┼─────────────────────────────────┤
│ Firestore │ localhost:8080 │ http://localhost:4000/firestore │
├───────────┼────────────────┼─────────────────────────────────┤
│ Hosting   │ localhost:5000 │ n/a                             │
└───────────┴────────────────┴─────────────────────────────────┘
  Emulator Hub running at localhost:4400
  Other reserved ports: 4500

Issues? Report them at https://github.com/firebase/firebase-tools/issues and attach the *-debug.log files.
 
[debug] [2021-04-07T12:18:20.859Z] [worker-~diagnostic~-14a7c72f-89cc-4e11-92e6-2a44801e4430]: IDLE {"metadata":{"emulator":{"name":"functions"},"message":"[worker-~diagnostic~-14a7c72f-89cc-4e11-92e6-2a44801e4430]: IDLE"}}
[debug] [2021-04-07T12:21:21.012Z] [work-queue] {"queueLength":1,"workRunningCount":0}
[debug] [2021-04-07T12:21:21.012Z] [work-queue] {"queueLength":0,"workRunningCount":1}
[debug] [2021-04-07T12:21:21.013Z] Accepted request GET /streamer-list/us-central1/helloWorld --> helloWorld
[debug] [2021-04-07T12:21:21.016Z] [worker-pool] addWorker(helloWorld) {"metadata":{"emulator":{"name":"functions"},"message":"[worker-pool] addWorker(helloWorld)"}}
[debug] [2021-04-07T12:21:21.016Z] [worker-pool] Adding worker with key helloWorld, total=1 {"metadata":{"emulator":{"name":"functions"},"message":"[worker-pool] Adding worker with key helloWorld, total=1"}}
[debug] [2021-04-07T12:21:21.016Z] [worker-pool] submitWork(triggerId=helloWorld) {"metadata":{"emulator":{"name":"functions"},"message":"[worker-pool] submitWork(triggerId=helloWorld)"}}
[debug] [2021-04-07T12:21:21.016Z] [worker-helloWorld-9f5ffca6-608f-4563-ace8-69936d8af1bd]: Assigning socketPath: \\?\pipe\C:\Users\wespe\development\streamer_list\functions\16348 {"metadata":{"emulator":{"name":"functions"},"message":"[worker-helloWorld-9f5ffca6-608f-4563-ace8-69936d8af1bd]: Assigning socketPath: \\\\?\\pipe\\C:\\Users\\wespe\\development\\streamer_list\\functions\\16348"}}
[debug] [2021-04-07T12:21:21.016Z] [worker-helloWorld-9f5ffca6-608f-4563-ace8-69936d8af1bd]: BUSY {"metadata":{"emulator":{"name":"functions"},"message":"[worker-helloWorld-9f5ffca6-608f-4563-ace8-69936d8af1bd]: BUSY"}}
[debug] [2021-04-07T12:21:21.157Z] [runtime-status] [16348] Functions runtime initialized. {"cwd":"C:\\Users\\wespe\\development\\streamer_list\\functions","node_version":"12.13.1"} {"metadata":{"emulator":{"name":"functions"},"function":{"name":"helloWorld"},"message":"[runtime-status] [16348] Functions runtime initialized. {\"cwd\":\"C:\\\\Users\\\\wespe\\\\development\\\\streamer_list\\\\functions\",\"node_version\":\"12.13.1\"}"}}
[debug] [2021-04-07T12:21:21.158Z] [runtime-status] [16348] Disabled runtime features: undefined {"metadata":{"emulator":{"name":"functions"},"function":{"name":"helloWorld"},"message":"[runtime-status] [16348] Disabled runtime features: undefined"}}
[debug] [2021-04-07T12:21:21.160Z] [runtime-status] [16348] Resolved module firebase-admin {"declared":true,"installed":true,"version":"9.6.0","resolution":"C:\\Users\\wespe\\development\\streamer_list\\node_modules\\firebase-admin\\lib\\index.js"} {"metadata":{"emulator":{"name":"functions"},"function":{"name":"helloWorld"},"message":"[runtime-status] [16348] Resolved module firebase-admin {\"declared\":true,\"installed\":true,\"version\":\"9.6.0\",\"resolution\":\"C:\\\\Users\\\\wespe\\\\development\\\\streamer_list\\\\node_modules\\\\firebase-admin\\\\lib\\\\index.js\"}"}}
[debug] [2021-04-07T12:21:21.161Z] [runtime-status] [16348] Resolved module firebase-functions {"declared":true,"installed":true,"version":"3.13.2","resolution":"C:\\Users\\wespe\\development\\streamer_list\\node_modules\\firebase-functions\\lib\\index.js"} {"metadata":{"emulator":{"name":"functions"},"function":{"name":"helloWorld"},"message":"[runtime-status] [16348] Resolved module firebase-functions {\"declared\":true,\"installed\":true,\"version\":\"3.13.2\",\"resolution\":\"C:\\\\Users\\\\wespe\\\\development\\\\streamer_list\\\\node_modules\\\\firebase-functions\\\\lib\\\\index.js\"}"}}
[debug] [2021-04-07T12:21:21.162Z] [runtime-status] [16348] Resolved module firebase-functions {"declared":true,"installed":true,"version":"3.13.2","resolution":"C:\\Users\\wespe\\development\\streamer_list\\node_modules\\firebase-functions\\lib\\index.js"} {"metadata":{"emulator":{"name":"functions"},"function":{"name":"helloWorld"},"message":"[runtime-status] [16348] Resolved module firebase-functions {\"declared\":true,\"installed\":true,\"version\":\"3.13.2\",\"resolution\":\"C:\\\\Users\\\\wespe\\\\development\\\\streamer_list\\\\node_modules\\\\firebase-functions\\\\lib\\\\index.js\"}"}}
[debug] [2021-04-07T12:21:21.163Z] [runtime-status] [16348] Outgoing network have been stubbed. [{"name":"http","status":"mocked"},{"name":"http","status":"mocked"},{"name":"https","status":"mocked"},{"name":"https","status":"mocked"},{"name":"net","status":"mocked"}] {"metadata":{"emulator":{"name":"functions"},"function":{"name":"helloWorld"},"message":"[runtime-status] [16348] Outgoing network have been stubbed. [{\"name\":\"http\",\"status\":\"mocked\"},{\"name\":\"http\",\"status\":\"mocked\"},{\"name\":\"https\",\"status\":\"mocked\"},{\"name\":\"https\",\"status\":\"mocked\"},{\"name\":\"net\",\"status\":\"mocked\"}]"}}
[debug] [2021-04-07T12:21:21.163Z] [runtime-status] [16348] Resolved module firebase-functions {"declared":true,"installed":true,"version":"3.13.2","resolution":"C:\\Users\\wespe\\development\\streamer_list\\node_modules\\firebase-functions\\lib\\index.js"} {"metadata":{"emulator":{"name":"functions"},"function":{"name":"helloWorld"},"message":"[runtime-status] [16348] Resolved module firebase-functions {\"declared\":true,\"installed\":true,\"version\":\"3.13.2\",\"resolution\":\"C:\\\\Users\\\\wespe\\\\development\\\\streamer_list\\\\node_modules\\\\firebase-functions\\\\lib\\\\index.js\"}"}}
[debug] [2021-04-07T12:21:21.196Z] [runtime-status] [16348] Checked functions.config() {"config":{}} {"metadata":{"emulator":{"name":"functions"},"function":{"name":"helloWorld"},"message":"[runtime-status] [16348] Checked functions.config() {\"config\":{}}"}}
[debug] [2021-04-07T12:21:21.196Z] [runtime-status] [16348] firebase-functions has been stubbed. {"functionsResolution":{"declared":true,"installed":true,"version":"3.13.2","resolution":"C:\\Users\\wespe\\development\\streamer_list\\node_modules\\firebase-functions\\lib\\index.js"}} {"metadata":{"emulator":{"name":"functions"},"function":{"name":"helloWorld"},"message":"[runtime-status] [16348] firebase-functions has been stubbed. {\"functionsResolution\":{\"declared\":true,\"installed\":true,\"version\":\"3.13.2\",\"resolution\":\"C:\\\\Users\\\\wespe\\\\development\\\\streamer_list\\\\node_modules\\\\firebase-functions\\\\lib\\\\index.js\"}}"}}
[debug] [2021-04-07T12:21:21.197Z] [runtime-status] [16348] Resolved module firebase-functions {"declared":true,"installed":true,"version":"3.13.2","resolution":"C:\\Users\\wespe\\development\\streamer_list\\node_modules\\firebase-functions\\lib\\index.js"} {"metadata":{"emulator":{"name":"functions"},"function":{"name":"helloWorld"},"message":"[runtime-status] [16348] Resolved module firebase-functions {\"declared\":true,\"installed\":true,\"version\":\"3.13.2\",\"resolution\":\"C:\\\\Users\\\\wespe\\\\development\\\\streamer_list\\\\node_modules\\\\firebase-functions\\\\lib\\\\index.js\"}"}}
[debug] [2021-04-07T12:21:21.197Z] [runtime-status] [16348] Resolved module firebase-admin {"declared":true,"installed":true,"version":"9.6.0","resolution":"C:\\Users\\wespe\\development\\streamer_list\\node_modules\\firebase-admin\\lib\\index.js"} {"metadata":{"emulator":{"name":"functions"},"function":{"name":"helloWorld"},"message":"[runtime-status] [16348] Resolved module firebase-admin {\"declared\":true,\"installed\":true,\"version\":\"9.6.0\",\"resolution\":\"C:\\\\Users\\\\wespe\\\\development\\\\streamer_list\\\\node_modules\\\\firebase-admin\\\\lib\\\\index.js\"}"}}
[debug] [2021-04-07T12:21:21.198Z] [runtime-status] [16348] Resolved module firebase-functions {"declared":true,"installed":true,"version":"3.13.2","resolution":"C:\\Users\\wespe\\development\\streamer_list\\node_modules\\firebase-functions\\lib\\index.js"} {"metadata":{"emulator":{"name":"functions"},"function":{"name":"helloWorld"},"message":"[runtime-status] [16348] Resolved module firebase-functions {\"declared\":true,\"installed\":true,\"version\":\"3.13.2\",\"resolution\":\"C:\\\\Users\\\\wespe\\\\development\\\\streamer_list\\\\node_modules\\\\firebase-functions\\\\lib\\\\index.js\"}"}}
[debug] [2021-04-07T12:21:21.198Z] [runtime-status] [16348] firebase-admin has been stubbed. {"adminResolution":{"declared":true,"installed":true,"version":"9.6.0","resolution":"C:\\Users\\wespe\\development\\streamer_list\\node_modules\\firebase-admin\\lib\\index.js"}} {"metadata":{"emulator":{"name":"functions"},"function":{"name":"helloWorld"},"message":"[runtime-status] [16348] firebase-admin has been stubbed. {\"adminResolution\":{\"declared\":true,\"installed\":true,\"version\":\"9.6.0\",\"resolution\":\"C:\\\\Users\\\\wespe\\\\development\\\\streamer_list\\\\node_modules\\\\firebase-admin\\\\lib\\\\index.js\"}}"}}
[debug] [2021-04-07T12:21:21.199Z] [runtime-status] [16348] Trigger "helloWorld" has been found, beginning invocation! {"metadata":{"emulator":{"name":"functions"},"function":{"name":"helloWorld"},"message":"[runtime-status] [16348] Trigger \"helloWorld\" has been found, beginning invocation!"}}
[info] i  functions: Beginning execution of "helloWorld" {"metadata":{"emulator":{"name":"functions"},"function":{"name":"helloWorld"},"message":"Beginning execution of \"helloWorld\""}}
[debug] [2021-04-07T12:21:21.200Z] [runtime-status] [16348] triggerDefinition {"httpsTrigger":{},"name":"helloWorld","entryPoint":"helloWorld"} {"metadata":{"emulator":{"name":"functions"},"function":{"name":"helloWorld"},"message":"[runtime-status] [16348] triggerDefinition {\"httpsTrigger\":{},\"name\":\"helloWorld\",\"entryPoint\":\"helloWorld\"}"}}
[debug] [2021-04-07T12:21:21.200Z] [runtime-status] [16348] Running helloWorld in mode HTTPS {"metadata":{"emulator":{"name":"functions"},"function":{"name":"helloWorld"},"message":"[runtime-status] [16348] Running helloWorld in mode HTTPS"}}
[debug] [2021-04-07T12:21:21.203Z] [runtime-status] [16348] Attempting to listen to socketPath: \\?\pipe\C:\Users\wespe\development\streamer_list\functions\16348 {"metadata":{"emulator":{"name":"functions"},"function":{"name":"helloWorld"},"message":"[runtime-status] [16348] Attempting to listen to socketPath: \\\\?\\pipe\\C:\\Users\\wespe\\development\\streamer_list\\functions\\16348"}}
[debug] [2021-04-07T12:21:21.205Z] [functions] Runtime ready! Sending request! {"metadata":{"emulator":{"name":"functions"},"message":"[functions] Runtime ready! Sending request!"}}
[debug] [2021-04-07T12:21:21.210Z] [runtime-status] [16348] Ephemeral server handling GET request {"metadata":{"emulator":{"name":"functions"},"function":{"name":"helloWorld"},"message":"[runtime-status] [16348] Ephemeral server handling GET request"}}
[info] >  {"structuredData":true,"severity":"INFO","message":"Hello logs!"} {"user":{"structuredData":true,"severity":"INFO","message":"Hello logs!"},"metadata":{"emulator":{"name":"functions"},"function":{"name":"helloWorld"},"message":"\u001b[90m> \u001b[39m {\"structuredData\":true,\"severity\":\"INFO\",\"message\":\"Hello logs!\"}"}}
[debug] [2021-04-07T12:21:21.214Z] [runtime-status] [16348] Ephemeral server survived. {"metadata":{"emulator":{"name":"functions"},"function":{"name":"helloWorld"},"message":"[runtime-status] [16348] Ephemeral server survived."}}
[info] i  functions: Finished "helloWorld" in ~1s {"metadata":{"emulator":{"name":"functions"},"function":{"name":"helloWorld"},"message":"Finished \"helloWorld\" in ~1s"}}
[debug] [2021-04-07T12:21:21.216Z] [worker-helloWorld-9f5ffca6-608f-4563-ace8-69936d8af1bd]: IDLE {"metadata":{"emulator":{"name":"functions"},"message":"[worker-helloWorld-9f5ffca6-608f-4563-ace8-69936d8af1bd]: IDLE"}}
[debug] [2021-04-07T12:21:21.217Z] [work-queue] {"queueLength":0,"workRunningCount":0}
[debug] [2021-04-07T12:21:21.437Z] Functions emulator received unknown request at path /favicon.ico
